<?xml version="1.0" encoding="UTF-8"?>
<!-- Generated by org.testng.reporters.JUnitReportReporter -->
<testsuite hostname="localhost.localdomain" name="org.hawkular.metrics.core.impl.cassandra.MetricsServiceCassandraITest" tests="16" failures="0" timestamp="18 May 2015 02:03:52 GMT" time="23.895" errors="0">
  <testcase name="fetchAvailabilityDataThatHasTags" time="1.612" classname="org.hawkular.metrics.core.impl.cassandra.MetricsServiceCassandraITest"/>
  <testcase name="addGaugeDataForMultipleMetrics" time="1.477" classname="org.hawkular.metrics.core.impl.cassandra.MetricsServiceCassandraITest"/>
  <testcase name="fetchGaugeDataThatHasTags" time="1.615" classname="org.hawkular.metrics.core.impl.cassandra.MetricsServiceCassandraITest"/>
  <testcase name="addAvailabilityForMultipleMetrics" time="1.578" classname="org.hawkular.metrics.core.impl.cassandra.MetricsServiceCassandraITest"/>
  <testcase name="verifyTTLsSetOnGaugeData" time="1.466" classname="org.hawkular.metrics.core.impl.cassandra.MetricsServiceCassandraITest"/>
  <testcase name="verifyTTLsSetOnAvailabilityData" time="1.227" classname="org.hawkular.metrics.core.impl.cassandra.MetricsServiceCassandraITest"/>
  <testcase name="getPeriodsAboveThreshold" time="1.466" classname="org.hawkular.metrics.core.impl.cassandra.MetricsServiceCassandraITest"/>
  <testcase name="updateMetricTags" time="1.381" classname="org.hawkular.metrics.core.impl.cassandra.MetricsServiceCassandraITest"/>
  <testcase name="createAndFindMetrics" time="1.528" classname="org.hawkular.metrics.core.impl.cassandra.MetricsServiceCassandraITest"/>
  <testcase name="tagIndividualAvailabilityDataPoints" time="1.361" classname="org.hawkular.metrics.core.impl.cassandra.MetricsServiceCassandraITest"/>
  <testcase name="tagAvailabilityByDateRangeAndQueryByMultipleTags" time="1.523" classname="org.hawkular.metrics.core.impl.cassandra.MetricsServiceCassandraITest"/>
  <testcase name="addAndFetchGaugeData" time="1.759" classname="org.hawkular.metrics.core.impl.cassandra.MetricsServiceCassandraITest"/>
  <testcase name="tagGaugeDataByDateRangeAndQueryByMultipleTags" time="1.544" classname="org.hawkular.metrics.core.impl.cassandra.MetricsServiceCassandraITest"/>
  <testcase name="findDistinctAvailabilities" time="1.295" classname="org.hawkular.metrics.core.impl.cassandra.MetricsServiceCassandraITest"/>
  <testcase name="createTenants" time="1.523" classname="org.hawkular.metrics.core.impl.cassandra.MetricsServiceCassandraITest"/>
  <testcase name="tagIndividualGaugeDataPoints" time="1.540" classname="org.hawkular.metrics.core.impl.cassandra.MetricsServiceCassandraITest"/>
</testsuite> <!-- org.hawkular.metrics.core.impl.cassandra.MetricsServiceCassandraITest -->
