<?xml version="1.0" encoding="UTF-8"?>
<!-- Generated by org.testng.reporters.JUnitReportReporter -->
<testsuite hostname="localhost.localdomain" name="org.hawkular.metrics.core.impl.cassandra.DataAccessITest2" tests="29" failures="0" timestamp="26 May 2015 14:15:59 GMT" time="38.208" errors="0">
  <testcase name="doNotAllowDuplicateTenants" time="1.374" classname="org.hawkular.metrics.core.impl.cassandra.DataAccessITest2"/>
  <testcase name="findCountersByGroupAndName" time="1.348" classname="org.hawkular.metrics.core.impl.cassandra.DataAccessITest2"/>
  <testcase name="insertAndFindGaugeRawDataByGaugeWithThreeBuckets" time="1.419" classname="org.hawkular.metrics.core.impl.cassandra.DataAccessITest2"/>
  <testcase name="insertAndFindGaugeRawDataWithThreeBuckets" time="1.230" classname="org.hawkular.metrics.core.impl.cassandra.DataAccessITest2"/>
  <testcase name="insertAndFindAvailabilitiesWithoutWriteTimeInOneBucket" time="1.450" classname="org.hawkular.metrics.core.impl.cassandra.DataAccessITest2"/>
  <testcase name="deleteGuageMetrics" time="1.216" classname="org.hawkular.metrics.core.impl.cassandra.DataAccessITest2"/>
  <testcase name="findCountersByGroup" time="1.133" classname="org.hawkular.metrics.core.impl.cassandra.DataAccessITest2"/>
  <testcase name="insertAndFindAvailabilitiesWithoutWriteTimeInTwoBuckets" time="1.142" classname="org.hawkular.metrics.core.impl.cassandra.DataAccessITest2"/>
  <testcase name="insertAndFindTenant" time="1.187" classname="org.hawkular.metrics.core.impl.cassandra.DataAccessITest2"/>
  <testcase name="insertAndFindSingleGaugeData" time="1.364" classname="org.hawkular.metrics.core.impl.cassandra.DataAccessITest2"/>
  <testcase name="insertAndFindAvailabilitiesInOneBucket" time="1.354" classname="org.hawkular.metrics.core.impl.cassandra.DataAccessITest2"/>
  <testcase name="insertAndFindGaugeRawDataByGaugeWitOneBucketOrderByASC" time="1.215" classname="org.hawkular.metrics.core.impl.cassandra.DataAccessITest2"/>
  <testcase name="findAllGaugeWithOneBucket" time="1.158" classname="org.hawkular.metrics.core.impl.cassandra.DataAccessITest2"/>
  <testcase name="insertAndFindAvailbilitiesWithWriteTimeInTwoBuckets" time="1.343" classname="org.hawkular.metrics.core.impl.cassandra.DataAccessITest2"/>
  <testcase name="insertAndFindAvailbilitiesWithWriteTimeInThreeBuckets" time="1.320" classname="org.hawkular.metrics.core.impl.cassandra.DataAccessITest2"/>
  <testcase name="insertAndFindAvailbilitiesWithWriteTimeInOneBucket" time="1.153" classname="org.hawkular.metrics.core.impl.cassandra.DataAccessITest2"/>
  <testcase name="insertAndFindGaugeRawDataWithTwoBuckets" time="1.376" classname="org.hawkular.metrics.core.impl.cassandra.DataAccessITest2"/>
  <testcase name="addMetadataToGaugeRawData" time="1.280" classname="org.hawkular.metrics.core.impl.cassandra.DataAccessITest2"/>
  <testcase name="findAllGuageMeytricsWithTwoBuckets" time="1.309" classname="org.hawkular.metrics.core.impl.cassandra.DataAccessITest2"/>
  <testcase name="insertAndFindGaugeRawDataWithOneBucket" time="1.327" classname="org.hawkular.metrics.core.impl.cassandra.DataAccessITest2"/>
  <testcase name="insertAndFindGaugeRawDataByGaugeWithThreeBucketsOrderByASC" time="1.184" classname="org.hawkular.metrics.core.impl.cassandra.DataAccessITest2"/>
  <testcase name="insertAndFindAvailabilitiesInTwoBuckets" time="1.549" classname="org.hawkular.metrics.core.impl.cassandra.DataAccessITest2"/>
  <testcase name="insertAndFindGaugeRawDataByGaugeWithTwoBuckets" time="1.526" classname="org.hawkular.metrics.core.impl.cassandra.DataAccessITest2"/>
  <testcase name="updateCounterAndFindCounter" time="1.365" classname="org.hawkular.metrics.core.impl.cassandra.DataAccessITest2"/>
  <testcase name="updateCounters" time="1.617" classname="org.hawkular.metrics.core.impl.cassandra.DataAccessITest2"/>
  <testcase name="insertAndFindGaugeRawDataByGaugeWithOneBucket" time="1.539" classname="org.hawkular.metrics.core.impl.cassandra.DataAccessITest2"/>
  <testcase name="insertAndFindAvailabilitiesWithoutWriteTimeInThreeBuckets" time="1.223" classname="org.hawkular.metrics.core.impl.cassandra.DataAccessITest2"/>
  <testcase name="insertAndFindAvailabilitiesInThreeBuckets" time="1.278" classname="org.hawkular.metrics.core.impl.cassandra.DataAccessITest2"/>
  <testcase name="insertAndFindGaugeRawDataByGaugeWithTwoBucketsOrderByASC" time="1.229" classname="org.hawkular.metrics.core.impl.cassandra.DataAccessITest2"/>
</testsuite> <!-- org.hawkular.metrics.core.impl.cassandra.DataAccessITest2 -->
