<?xml version="1.0" encoding="UTF-8"?>
<!-- Generated by org.testng.reporters.JUnitReportReporter -->
<testsuite hostname="localhost.localdomain" name="org.hawkular.metrics.core.impl.DataAccessITest1" tests="26" failures="0" timestamp="21 Jul 2015 11:56:28 GMT" time="25.299" errors="0">
  <testcase name="insertAndFindAvailabilitiesInOneBucket" time="0.980" classname="org.hawkular.metrics.core.impl.DataAccessITest1"/>
  <testcase name="insertAndFindGaugeRawDataByGaugeWithTwoBuckets" time="0.823" classname="org.hawkular.metrics.core.impl.DataAccessITest1"/>
  <testcase name="insertAndFindAvailabilitiesWithoutWriteTimeInThreeBuckets" time="1.006" classname="org.hawkular.metrics.core.impl.DataAccessITest1"/>
  <testcase name="insertAndFindGaugeRawDataWithThreeBuckets" time="0.909" classname="org.hawkular.metrics.core.impl.DataAccessITest1"/>
  <testcase name="insertAndFindTenant" time="0.907" classname="org.hawkular.metrics.core.impl.DataAccessITest1"/>
  <testcase name="insertAndFindGaugeRawDataWithOneBucket" time="0.891" classname="org.hawkular.metrics.core.impl.DataAccessITest1"/>
  <testcase name="insertAndFindGaugeRawDataByGaugeWitOneBucketOrderByASC" time="0.883" classname="org.hawkular.metrics.core.impl.DataAccessITest1"/>
  <testcase name="insertAndFindGaugeRawDataByGaugeWithThreeBucketsOrderByASC" time="0.881" classname="org.hawkular.metrics.core.impl.DataAccessITest1"/>
  <testcase name="insertAndFindAvailabilitiesWithoutWriteTimeInOneBucket" time="0.868" classname="org.hawkular.metrics.core.impl.DataAccessITest1"/>
  <testcase name="insertAndFindAvailabilitiesWithoutWriteTimeInTwoBuckets" time="0.895" classname="org.hawkular.metrics.core.impl.DataAccessITest1"/>
  <testcase name="insertAndFindGaugeRawDataWithOneBucketWithWriteTime" time="0.947" classname="org.hawkular.metrics.core.impl.DataAccessITest1"/>
  <testcase name="insertAndFindGaugeRawDataWithTwoBuckets" time="0.865" classname="org.hawkular.metrics.core.impl.DataAccessITest1"/>
  <testcase name="insertAndFindGaugeRawDataByGaugeWithTwoBucketsOrderByASC" time="0.973" classname="org.hawkular.metrics.core.impl.DataAccessITest1"/>
  <testcase name="insertAndFindAvailbilitiesWithWriteTimeInOneBucket" time="0.758" classname="org.hawkular.metrics.core.impl.DataAccessITest1"/>
  <testcase name="insertAndFindSingleGaugeData" time="0.987" classname="org.hawkular.metrics.core.impl.DataAccessITest1"/>
  <testcase name="insertAndFindGaugeRawDataByGaugeWithOneBucket" time="0.937" classname="org.hawkular.metrics.core.impl.DataAccessITest1"/>
  <testcase name="insertAndFindGaugeRawDataWithTwoBucketsWithWriteTime" time="1.017" classname="org.hawkular.metrics.core.impl.DataAccessITest1"/>
  <testcase name="insertAndFindAvailabilitiesInThreeBuckets" time="0.983" classname="org.hawkular.metrics.core.impl.DataAccessITest1"/>
  <testcase name="insertAndFindGaugeRawDataWithThreeBucketsWithWriteTime" time="1.029" classname="org.hawkular.metrics.core.impl.DataAccessITest1"/>
  <testcase name="insertAndFindSingleGaugeDataWithWriteTime" time="0.911" classname="org.hawkular.metrics.core.impl.DataAccessITest1"/>
  <testcase name="insertAndFindAvailbilitiesWithWriteTimeInTwoBuckets" time="1.040" classname="org.hawkular.metrics.core.impl.DataAccessITest1"/>
  <testcase name="insertAndFindGaugeRawDataByGaugeWithThreeBuckets" time="1.052" classname="org.hawkular.metrics.core.impl.DataAccessITest1"/>
  <testcase name="doNotAllowDuplicateTenants" time="0.923" classname="org.hawkular.metrics.core.impl.DataAccessITest1"/>
  <testcase name="addMetadataToGaugeRawData" time="1.873" classname="org.hawkular.metrics.core.impl.DataAccessITest1"/>
  <testcase name="insertAndFindAvailbilitiesWithWriteTimeInThreeBuckets" time="0.889" classname="org.hawkular.metrics.core.impl.DataAccessITest1"/>
  <testcase name="insertAndFindAvailabilitiesInTwoBuckets" time="1.072" classname="org.hawkular.metrics.core.impl.DataAccessITest1"/>
</testsuite> <!-- org.hawkular.metrics.core.impl.DataAccessITest1 -->
