<?xml version="1.0" encoding="UTF-8"?>
<!-- Generated by org.testng.reporters.JUnitReportReporter -->
<testsuite hostname="localhost.localdomain" name="org.hawkular.metrics.core.impl.cassandra.FindDataTest" tests="9" failures="0" timestamp="26 May 2015 15:09:46 GMT" time="0.238" errors="0">
  <testcase name="insertAndFindGaugeRawDataByGaugeWithOneBucket" time="0.003" classname="org.hawkular.metrics.core.impl.cassandra.FindDataTest"/>
  <testcase name="insertAndFindGaugeRawDataWithOneBucket" time="0.009" classname="org.hawkular.metrics.core.impl.cassandra.FindDataTest"/>
  <testcase name="insertAndFindGaugeRawDataByGaugeWithThreeBuckets" time="0.011" classname="org.hawkular.metrics.core.impl.cassandra.FindDataTest"/>
  <testcase name="insertAndFindGaugeRawDataByGaugeWitOneBucketOrderByASC" time="0.147" classname="org.hawkular.metrics.core.impl.cassandra.FindDataTest"/>
  <testcase name="insertAndFindGaugeRawDataByGaugeWithTwoBucketsOrderByASC" time="0.013" classname="org.hawkular.metrics.core.impl.cassandra.FindDataTest"/>
  <testcase name="insertAndFindGaugeRawDataWithThreeBuckets" time="0.030" classname="org.hawkular.metrics.core.impl.cassandra.FindDataTest"/>
  <testcase name="insertAndFindGaugeRawDataByGaugeWithThreeBucketsOrderByASC" time="0.012" classname="org.hawkular.metrics.core.impl.cassandra.FindDataTest"/>
  <testcase name="insertAndFindGaugeRawDataWithTwoBuckets" time="0.006" classname="org.hawkular.metrics.core.impl.cassandra.FindDataTest"/>
  <testcase name="insertAndFindGaugeRawDataByGaugeWithTwoBuckets" time="0.007" classname="org.hawkular.metrics.core.impl.cassandra.FindDataTest"/>
</testsuite> <!-- org.hawkular.metrics.core.impl.cassandra.FindDataTest -->
