<?xml version="1.0" encoding="UTF-8"?>
<!-- Generated by org.testng.reporters.JUnitReportReporter -->
<testsuite hostname="localhost.localdomain" name="org.hawkular.metrics.core.impl.cassandra.DataAccessITest" tests="30" failures="0" timestamp="15 May 2015 14:52:15 GMT" time="19.387" errors="0">
  <testcase name="insertAndFindTenant" time="0.584" classname="org.hawkular.metrics.core.impl.cassandra.DataAccessITest"/>
  <testcase name="addMetadataToGaugeRawData" time="0.861" classname="org.hawkular.metrics.core.impl.cassandra.DataAccessITest"/>
  <testcase name="insertAndFindAvailabilitiesInThreeBuckets" time="0.711" classname="org.hawkular.metrics.core.impl.cassandra.DataAccessITest"/>
  <testcase name="insertAndFindAvailbilitiesWithWriteTimeInOneBucket" time="0.630" classname="org.hawkular.metrics.core.impl.cassandra.DataAccessITest"/>
  <testcase name="insertAndFindGaugeRawDataByGaugeWitOneBucketOrderByASC" time="0.614" classname="org.hawkular.metrics.core.impl.cassandra.DataAccessITest"/>
  <testcase name="insertAndFindGaugeRawDataByGaugeWithThreeBuckets" time="0.758" classname="org.hawkular.metrics.core.impl.cassandra.DataAccessITest"/>
  <testcase name="findCountersByGroup" time="0.599" classname="org.hawkular.metrics.core.impl.cassandra.DataAccessITest"/>
  <testcase name="findCountersByGroupAndName" time="0.617" classname="org.hawkular.metrics.core.impl.cassandra.DataAccessITest"/>
  <testcase name="insertAndFindGaugeRawDataByGaugeWithThreeBucketsOrderByASC" time="0.609" classname="org.hawkular.metrics.core.impl.cassandra.DataAccessITest"/>
  <testcase name="updateCounterAndFindCounter" time="0.577" classname="org.hawkular.metrics.core.impl.cassandra.DataAccessITest"/>
  <testcase name="insertAndFindAvailabilitiesWithoutWriteTimeInThreeBuckets" time="0.623" classname="org.hawkular.metrics.core.impl.cassandra.DataAccessITest"/>
  <testcase name="getMetricTags" time="0.611" classname="org.hawkular.metrics.core.impl.cassandra.DataAccessITest"/>
  <testcase name="insertAndFindAvailabilitiesInOneBucket" time="1.006" classname="org.hawkular.metrics.core.impl.cassandra.DataAccessITest"/>
  <testcase name="insertAndFindAvailbilitiesWithWriteTimeInTwoBuckets" time="0.598" classname="org.hawkular.metrics.core.impl.cassandra.DataAccessITest"/>
  <testcase name="insertAndFindGaugeRawDataWithThreeBuckets" time="0.539" classname="org.hawkular.metrics.core.impl.cassandra.DataAccessITest"/>
  <testcase name="insertAndFindGaugeRawDataWithOneBucket" time="0.647" classname="org.hawkular.metrics.core.impl.cassandra.DataAccessITest"/>
  <testcase name="insertAndFindAvailabilitiesWithoutWriteTimeInTwoBuckets" time="0.609" classname="org.hawkular.metrics.core.impl.cassandra.DataAccessITest"/>
  <testcase name="insertAndFindAvailabilitiesInTwoBuckets" time="0.639" classname="org.hawkular.metrics.core.impl.cassandra.DataAccessITest"/>
  <testcase name="deleteGuageMetrics" time="0.598" classname="org.hawkular.metrics.core.impl.cassandra.DataAccessITest"/>
  <testcase name="insertAndFindSingleGaugeData" time="0.652" classname="org.hawkular.metrics.core.impl.cassandra.DataAccessITest"/>
  <testcase name="doNotAllowDuplicateTenants" time="0.627" classname="org.hawkular.metrics.core.impl.cassandra.DataAccessITest"/>
  <testcase name="insertAndFindAvailabilitiesWithoutWriteTimeInOneBucket" time="0.583" classname="org.hawkular.metrics.core.impl.cassandra.DataAccessITest"/>
  <testcase name="insertAndFindGaugeRawDataByGaugeWithTwoBuckets" time="0.597" classname="org.hawkular.metrics.core.impl.cassandra.DataAccessITest"/>
  <testcase name="insertAndFindAvailbilitiesWithWriteTimeInThreeBuckets" time="0.609" classname="org.hawkular.metrics.core.impl.cassandra.DataAccessITest"/>
  <testcase name="updateCounters" time="0.648" classname="org.hawkular.metrics.core.impl.cassandra.DataAccessITest"/>
  <testcase name="insertAndFindGaugeRawDataByGaugeWithOneBucket" time="0.626" classname="org.hawkular.metrics.core.impl.cassandra.DataAccessITest"/>
  <testcase name="insertAndFindGaugeRawDataByGaugeWithTwoBucketsOrderByASC" time="0.622" classname="org.hawkular.metrics.core.impl.cassandra.DataAccessITest"/>
  <testcase name="findAllGaugeWithOneBucket" time="0.852" classname="org.hawkular.metrics.core.impl.cassandra.DataAccessITest"/>
  <testcase name="insertAndFindGaugeRawDataWithTwoBuckets" time="0.590" classname="org.hawkular.metrics.core.impl.cassandra.DataAccessITest"/>
  <testcase name="findGuageMeytricsWithTwoBuckets" time="0.551" classname="org.hawkular.metrics.core.impl.cassandra.DataAccessITest"/>
</testsuite> <!-- org.hawkular.metrics.core.impl.cassandra.DataAccessITest -->
