<?xml version="1.0" encoding="UTF-8"?>
<!-- Generated by org.testng.reporters.JUnitReportReporter -->
<testsuite hostname="localhost.localdomain" name="org.hawkular.metrics.core.impl.DataAccessITest" tests="5" failures="0" timestamp="21 Jul 2015 11:55:54 GMT" time="5.358" errors="0">
  <testcase name="insertAndFindTenant" time="1.054" classname="org.hawkular.metrics.core.impl.DataAccessITest"/>
  <testcase name="addMetadataToGaugeRawData" time="1.304" classname="org.hawkular.metrics.core.impl.DataAccessITest"/>
  <testcase name="insertAndFindGaugeRawData" time="1.047" classname="org.hawkular.metrics.core.impl.DataAccessITest"/>
  <testcase name="insertAndFindAvailabilities" time="0.886" classname="org.hawkular.metrics.core.impl.DataAccessITest"/>
  <testcase name="doNotAllowDuplicateTenants" time="1.067" classname="org.hawkular.metrics.core.impl.DataAccessITest"/>
</testsuite> <!-- org.hawkular.metrics.core.impl.DataAccessITest -->
