<?xml version="1.0" encoding="UTF-8"?>
<!-- Generated by org.testng.reporters.JUnitReportReporter -->
<testsuite hostname="localhost.localdomain" name="org.hawkular.metrics.core.impl.cassandra.DataAccessITest" tests="30" failures="0" timestamp="18 May 2015 10:40:07 GMT" time="19.067" errors="0">
  <testcase name="insertAndFindGaugeRawDataByGaugeWithThreeBucketsOrderByASC" time="0.700" classname="org.hawkular.metrics.core.impl.cassandra.DataAccessITest"/>
  <testcase name="insertAndFindGaugeRawDataByGaugeWithTwoBucketsOrderByASC" time="0.581" classname="org.hawkular.metrics.core.impl.cassandra.DataAccessITest"/>
  <testcase name="updateCounters" time="0.612" classname="org.hawkular.metrics.core.impl.cassandra.DataAccessITest"/>
  <testcase name="findAllGaugeWithOneBucket" time="0.688" classname="org.hawkular.metrics.core.impl.cassandra.DataAccessITest"/>
  <testcase name="findCountersByGroup" time="0.574" classname="org.hawkular.metrics.core.impl.cassandra.DataAccessITest"/>
  <testcase name="insertAndFindAvailabilitiesInOneBucket" time="0.618" classname="org.hawkular.metrics.core.impl.cassandra.DataAccessITest"/>
  <testcase name="insertAndFindTenant" time="0.579" classname="org.hawkular.metrics.core.impl.cassandra.DataAccessITest"/>
  <testcase name="insertAndFindAvailbilitiesWithWriteTimeInOneBucket" time="0.779" classname="org.hawkular.metrics.core.impl.cassandra.DataAccessITest"/>
  <testcase name="findCountersByGroupAndName" time="0.590" classname="org.hawkular.metrics.core.impl.cassandra.DataAccessITest"/>
  <testcase name="deleteGuageMetrics" time="0.613" classname="org.hawkular.metrics.core.impl.cassandra.DataAccessITest"/>
  <testcase name="doNotAllowDuplicateTenants" time="1.103" classname="org.hawkular.metrics.core.impl.cassandra.DataAccessITest"/>
  <testcase name="insertAndFindAvailbilitiesWithWriteTimeInTwoBuckets" time="0.598" classname="org.hawkular.metrics.core.impl.cassandra.DataAccessITest"/>
  <testcase name="insertAndFindGaugeRawDataByGaugeWithTwoBuckets" time="0.689" classname="org.hawkular.metrics.core.impl.cassandra.DataAccessITest"/>
  <testcase name="insertAndFindGaugeRawDataByGaugeWithOneBucket" time="0.660" classname="org.hawkular.metrics.core.impl.cassandra.DataAccessITest"/>
  <testcase name="insertAndFindAvailbilitiesWithWriteTimeInThreeBuckets" time="0.701" classname="org.hawkular.metrics.core.impl.cassandra.DataAccessITest"/>
  <testcase name="insertAndFindGaugeRawDataWithTwoBuckets" time="0.564" classname="org.hawkular.metrics.core.impl.cassandra.DataAccessITest"/>
  <testcase name="insertAndFindAvailabilitiesWithoutWriteTimeInThreeBuckets" time="0.617" classname="org.hawkular.metrics.core.impl.cassandra.DataAccessITest"/>
  <testcase name="insertAndFindGaugeRawDataByGaugeWithThreeBuckets" time="0.599" classname="org.hawkular.metrics.core.impl.cassandra.DataAccessITest"/>
  <testcase name="insertAndFindSingleGaugeData" time="0.601" classname="org.hawkular.metrics.core.impl.cassandra.DataAccessITest"/>
  <testcase name="insertAndFindAvailabilitiesWithoutWriteTimeInTwoBuckets" time="0.595" classname="org.hawkular.metrics.core.impl.cassandra.DataAccessITest"/>
  <testcase name="updateCounterAndFindCounter" time="0.626" classname="org.hawkular.metrics.core.impl.cassandra.DataAccessITest"/>
  <testcase name="getMetricTags" time="0.573" classname="org.hawkular.metrics.core.impl.cassandra.DataAccessITest"/>
  <testcase name="insertAndFindGaugeRawDataWithThreeBuckets" time="0.617" classname="org.hawkular.metrics.core.impl.cassandra.DataAccessITest"/>
  <testcase name="findAllGuageMeytricsWithTwoBuckets" time="0.589" classname="org.hawkular.metrics.core.impl.cassandra.DataAccessITest"/>
  <testcase name="insertAndFindAvailabilitiesInTwoBuckets" time="0.583" classname="org.hawkular.metrics.core.impl.cassandra.DataAccessITest"/>
  <testcase name="insertAndFindGaugeRawDataByGaugeWitOneBucketOrderByASC" time="0.583" classname="org.hawkular.metrics.core.impl.cassandra.DataAccessITest"/>
  <testcase name="insertAndFindAvailabilitiesWithoutWriteTimeInOneBucket" time="0.661" classname="org.hawkular.metrics.core.impl.cassandra.DataAccessITest"/>
  <testcase name="insertAndFindAvailabilitiesInThreeBuckets" time="0.588" classname="org.hawkular.metrics.core.impl.cassandra.DataAccessITest"/>
  <testcase name="insertAndFindGaugeRawDataWithOneBucket" time="0.587" classname="org.hawkular.metrics.core.impl.cassandra.DataAccessITest"/>
  <testcase name="addMetadataToGaugeRawData" time="0.599" classname="org.hawkular.metrics.core.impl.cassandra.DataAccessITest"/>
</testsuite> <!-- org.hawkular.metrics.core.impl.cassandra.DataAccessITest -->
