<?xml version="1.0" encoding="UTF-8"?>
<!-- Generated by org.testng.reporters.JUnitReportReporter -->
<testsuite hostname="localhost.localdomain" name="org.hawkular.metrics.core.impl.DataAccessITest2" tests="25" failures="0" timestamp="30 Jun 2015 21:55:53 GMT" time="33.690" errors="0">
  <testcase name="insertAndFindGaugeRawDataByGaugeWithTwoBucketsOrderByASC" time="1.002" classname="org.hawkular.metrics.core.impl.DataAccessITest2"/>
  <testcase name="insertAndFindGaugeRawDataWithOneBucketWithWriteTime" time="1.137" classname="org.hawkular.metrics.core.impl.DataAccessITest2"/>
  <testcase name="insertAndFindGaugeRawDataByGaugeWithThreeBuckets" time="1.041" classname="org.hawkular.metrics.core.impl.DataAccessITest2"/>
  <testcase name="insertAndFindGaugeRawDataWithThreeBuckets" time="1.234" classname="org.hawkular.metrics.core.impl.DataAccessITest2"/>
  <testcase name="insertAndFindAvailabilitiesWithoutWriteTimeInTwoBuckets" time="1.383" classname="org.hawkular.metrics.core.impl.DataAccessITest2"/>
  <testcase name="insertAndFindAvailabilitiesWithoutWriteTimeInOneBucket" time="1.047" classname="org.hawkular.metrics.core.impl.DataAccessITest2"/>
  <testcase name="insertAndFindAvailbilitiesWithWriteTimeInOneBucket" time="1.082" classname="org.hawkular.metrics.core.impl.DataAccessITest2"/>
  <testcase name="insertAndFindAvailabilitiesInThreeBuckets" time="1.227" classname="org.hawkular.metrics.core.impl.DataAccessITest2"/>
  <testcase name="insertAndFindGaugeRawDataByGaugeWithOneBucket" time="1.150" classname="org.hawkular.metrics.core.impl.DataAccessITest2"/>
  <testcase name="insertAndFindTenant" time="1.193" classname="org.hawkular.metrics.core.impl.DataAccessITest2"/>
  <testcase name="insertAndFindGaugeRawDataWithThreeBucketsWithWriteTime" time="1.115" classname="org.hawkular.metrics.core.impl.DataAccessITest2"/>
  <testcase name="insertAndFindGaugeRawDataByGaugeWithTwoBuckets" time="1.435" classname="org.hawkular.metrics.core.impl.DataAccessITest2"/>
  <testcase name="insertAndFindSingleGaugeDataWithWriteTime" time="1.294" classname="org.hawkular.metrics.core.impl.DataAccessITest2"/>
  <testcase name="insertAndFindAvailbilitiesWithWriteTimeInThreeBuckets" time="1.503" classname="org.hawkular.metrics.core.impl.DataAccessITest2"/>
  <testcase name="insertAndFindGaugeRawDataByGaugeWithThreeBucketsOrderByASC" time="2.897" classname="org.hawkular.metrics.core.impl.DataAccessITest2"/>
  <testcase name="insertAndFindGaugeRawDataWithOneBucket" time="1.238" classname="org.hawkular.metrics.core.impl.DataAccessITest2"/>
  <testcase name="insertAndFindAvailabilitiesInTwoBuckets" time="1.289" classname="org.hawkular.metrics.core.impl.DataAccessITest2"/>
  <testcase name="insertAndFindAvailabilitiesInOneBucket" time="2.874" classname="org.hawkular.metrics.core.impl.DataAccessITest2"/>
  <testcase name="insertAndFindSingleGaugeData" time="1.131" classname="org.hawkular.metrics.core.impl.DataAccessITest2"/>
  <testcase name="doNotAllowDuplicateTenants" time="1.748" classname="org.hawkular.metrics.core.impl.DataAccessITest2"/>
  <testcase name="insertAndFindAvailabilitiesWithoutWriteTimeInThreeBuckets" time="1.394" classname="org.hawkular.metrics.core.impl.DataAccessITest2"/>
  <testcase name="insertAndFindGaugeRawDataWithTwoBuckets" time="1.177" classname="org.hawkular.metrics.core.impl.DataAccessITest2"/>
  <testcase name="insertAndFindAvailbilitiesWithWriteTimeInTwoBuckets" time="0.948" classname="org.hawkular.metrics.core.impl.DataAccessITest2"/>
  <testcase name="insertAndFindGaugeRawDataByGaugeWitOneBucketOrderByASC" time="1.153" classname="org.hawkular.metrics.core.impl.DataAccessITest2"/>
  <testcase name="insertAndFindGaugeRawDataWithTwoBucketsWithWriteTime" time="0.998" classname="org.hawkular.metrics.core.impl.DataAccessITest2"/>
</testsuite> <!-- org.hawkular.metrics.core.impl.DataAccessITest2 -->
