<?xml version="1.0" encoding="UTF-8"?>
<!-- Generated by org.testng.reporters.JUnitReportReporter -->
<testsuite hostname="localhost.localdomain" name="org.hawkular.metrics.core.impl.cassandra.MetricsServiceCassandraITest" tests="16" failures="0" timestamp="18 May 2015 10:40:07 GMT" time="23.745" errors="0">
  <testcase name="createAndFindMetrics" time="1.605" classname="org.hawkular.metrics.core.impl.cassandra.MetricsServiceCassandraITest"/>
  <testcase name="verifyTTLsSetOnGaugeData" time="1.481" classname="org.hawkular.metrics.core.impl.cassandra.MetricsServiceCassandraITest"/>
  <testcase name="getPeriodsAboveThreshold" time="1.479" classname="org.hawkular.metrics.core.impl.cassandra.MetricsServiceCassandraITest"/>
  <testcase name="fetchGaugeDataThatHasTags" time="1.557" classname="org.hawkular.metrics.core.impl.cassandra.MetricsServiceCassandraITest"/>
  <testcase name="tagIndividualAvailabilityDataPoints" time="1.554" classname="org.hawkular.metrics.core.impl.cassandra.MetricsServiceCassandraITest"/>
  <testcase name="verifyTTLsSetOnAvailabilityData" time="2.225" classname="org.hawkular.metrics.core.impl.cassandra.MetricsServiceCassandraITest"/>
  <testcase name="createTenants" time="1.240" classname="org.hawkular.metrics.core.impl.cassandra.MetricsServiceCassandraITest"/>
  <testcase name="tagGaugeDataByDateRangeAndQueryByMultipleTags" time="1.376" classname="org.hawkular.metrics.core.impl.cassandra.MetricsServiceCassandraITest"/>
  <testcase name="addGaugeDataForMultipleMetrics" time="1.575" classname="org.hawkular.metrics.core.impl.cassandra.MetricsServiceCassandraITest"/>
  <testcase name="tagAvailabilityByDateRangeAndQueryByMultipleTags" time="1.456" classname="org.hawkular.metrics.core.impl.cassandra.MetricsServiceCassandraITest"/>
  <testcase name="findDistinctAvailabilities" time="1.427" classname="org.hawkular.metrics.core.impl.cassandra.MetricsServiceCassandraITest"/>
  <testcase name="tagIndividualGaugeDataPoints" time="1.522" classname="org.hawkular.metrics.core.impl.cassandra.MetricsServiceCassandraITest"/>
  <testcase name="addAvailabilityForMultipleMetrics" time="1.521" classname="org.hawkular.metrics.core.impl.cassandra.MetricsServiceCassandraITest"/>
  <testcase name="fetchAvailabilityDataThatHasTags" time="1.328" classname="org.hawkular.metrics.core.impl.cassandra.MetricsServiceCassandraITest"/>
  <testcase name="updateMetricTags" time="1.148" classname="org.hawkular.metrics.core.impl.cassandra.MetricsServiceCassandraITest"/>
  <testcase name="addAndFetchGaugeData" time="1.251" classname="org.hawkular.metrics.core.impl.cassandra.MetricsServiceCassandraITest"/>
</testsuite> <!-- org.hawkular.metrics.core.impl.cassandra.MetricsServiceCassandraITest -->
