<?xml version="1.0" encoding="UTF-8"?>
<!-- Generated by org.testng.reporters.JUnitReportReporter -->
<testsuite hostname="localhost.localdomain" name="org.hawkular.metrics.core.impl.DataAccessITest1" tests="26" failures="0" timestamp="30 Jun 2015 21:55:13 GMT" time="28.194" errors="0">
  <testcase name="insertAndFindGaugeRawDataWithOneBucket" time="1.005" classname="org.hawkular.metrics.core.impl.DataAccessITest1"/>
  <testcase name="insertAndFindAvailabilitiesWithoutWriteTimeInOneBucket" time="1.103" classname="org.hawkular.metrics.core.impl.DataAccessITest1"/>
  <testcase name="insertAndFindGaugeRawDataByGaugeWithThreeBuckets" time="1.128" classname="org.hawkular.metrics.core.impl.DataAccessITest1"/>
  <testcase name="insertAndFindGaugeRawDataWithThreeBucketsWithWriteTime" time="1.264" classname="org.hawkular.metrics.core.impl.DataAccessITest1"/>
  <testcase name="insertAndFindSingleGaugeDataWithWriteTime" time="0.841" classname="org.hawkular.metrics.core.impl.DataAccessITest1"/>
  <testcase name="insertAndFindGaugeRawDataWithOneBucketWithWriteTime" time="1.039" classname="org.hawkular.metrics.core.impl.DataAccessITest1"/>
  <testcase name="insertAndFindGaugeRawDataByGaugeWithOneBucket" time="1.400" classname="org.hawkular.metrics.core.impl.DataAccessITest1"/>
  <testcase name="insertAndFindGaugeRawDataByGaugeWithThreeBucketsOrderByASC" time="1.040" classname="org.hawkular.metrics.core.impl.DataAccessITest1"/>
  <testcase name="doNotAllowDuplicateTenants" time="0.943" classname="org.hawkular.metrics.core.impl.DataAccessITest1"/>
  <testcase name="insertAndFindAvailbilitiesWithWriteTimeInThreeBuckets" time="0.887" classname="org.hawkular.metrics.core.impl.DataAccessITest1"/>
  <testcase name="insertAndFindGaugeRawDataWithTwoBucketsWithWriteTime" time="1.046" classname="org.hawkular.metrics.core.impl.DataAccessITest1"/>
  <testcase name="insertAndFindGaugeRawDataWithTwoBuckets" time="1.263" classname="org.hawkular.metrics.core.impl.DataAccessITest1"/>
  <testcase name="insertAndFindTenant" time="0.860" classname="org.hawkular.metrics.core.impl.DataAccessITest1"/>
  <testcase name="insertAndFindAvailabilitiesInOneBucket" time="1.106" classname="org.hawkular.metrics.core.impl.DataAccessITest1"/>
  <testcase name="insertAndFindAvailabilitiesWithoutWriteTimeInTwoBuckets" time="0.974" classname="org.hawkular.metrics.core.impl.DataAccessITest1"/>
  <testcase name="insertAndFindGaugeRawDataWithThreeBuckets" time="0.960" classname="org.hawkular.metrics.core.impl.DataAccessITest1"/>
  <testcase name="insertAndFindGaugeRawDataByGaugeWithTwoBucketsOrderByASC" time="1.161" classname="org.hawkular.metrics.core.impl.DataAccessITest1"/>
  <testcase name="insertAndFindAvailabilitiesInTwoBuckets" time="1.116" classname="org.hawkular.metrics.core.impl.DataAccessITest1"/>
  <testcase name="addMetadataToGaugeRawData" time="1.149" classname="org.hawkular.metrics.core.impl.DataAccessITest1"/>
  <testcase name="insertAndFindAvailbilitiesWithWriteTimeInTwoBuckets" time="0.931" classname="org.hawkular.metrics.core.impl.DataAccessITest1"/>
  <testcase name="insertAndFindGaugeRawDataByGaugeWitOneBucketOrderByASC" time="1.129" classname="org.hawkular.metrics.core.impl.DataAccessITest1"/>
  <testcase name="insertAndFindAvailbilitiesWithWriteTimeInOneBucket" time="1.238" classname="org.hawkular.metrics.core.impl.DataAccessITest1"/>
  <testcase name="insertAndFindSingleGaugeData" time="0.830" classname="org.hawkular.metrics.core.impl.DataAccessITest1"/>
  <testcase name="insertAndFindAvailabilitiesInThreeBuckets" time="1.242" classname="org.hawkular.metrics.core.impl.DataAccessITest1"/>
  <testcase name="insertAndFindGaugeRawDataByGaugeWithTwoBuckets" time="1.142" classname="org.hawkular.metrics.core.impl.DataAccessITest1"/>
  <testcase name="insertAndFindAvailabilitiesWithoutWriteTimeInThreeBuckets" time="1.397" classname="org.hawkular.metrics.core.impl.DataAccessITest1"/>
</testsuite> <!-- org.hawkular.metrics.core.impl.DataAccessITest1 -->
