<?xml version="1.0" encoding="UTF-8"?>
<!-- Generated by org.testng.reporters.JUnitReportReporter -->
<testsuite hostname="localhost.localdomain" name="org.hawkular.metrics.core.impl.cassandra.DataAccessITest2" tests="29" failures="0" timestamp="18 May 2015 02:03:52 GMT" time="18.357" errors="0">
  <testcase name="insertAndFindAvailabilitiesInTwoBuckets" time="0.546" classname="org.hawkular.metrics.core.impl.cassandra.DataAccessITest2"/>
  <testcase name="addMetadataToGaugeRawData" time="0.818" classname="org.hawkular.metrics.core.impl.cassandra.DataAccessITest2"/>
  <testcase name="insertAndFindSingleGaugeData" time="0.576" classname="org.hawkular.metrics.core.impl.cassandra.DataAccessITest2"/>
  <testcase name="insertAndFindAvailbilitiesWithWriteTimeInTwoBuckets" time="0.658" classname="org.hawkular.metrics.core.impl.cassandra.DataAccessITest2"/>
  <testcase name="insertAndFindGaugeRawDataByGaugeWithThreeBuckets" time="0.541" classname="org.hawkular.metrics.core.impl.cassandra.DataAccessITest2"/>
  <testcase name="insertAndFindGaugeRawDataWithOneBucket" time="0.725" classname="org.hawkular.metrics.core.impl.cassandra.DataAccessITest2"/>
  <testcase name="insertAndFindGaugeRawDataWithThreeBuckets" time="0.675" classname="org.hawkular.metrics.core.impl.cassandra.DataAccessITest2"/>
  <testcase name="insertAndFindTenant" time="0.723" classname="org.hawkular.metrics.core.impl.cassandra.DataAccessITest2"/>
  <testcase name="insertAndFindGaugeRawDataByGaugeWitOneBucketOrderByASC" time="0.688" classname="org.hawkular.metrics.core.impl.cassandra.DataAccessITest2"/>
  <testcase name="insertAndFindAvailbilitiesWithWriteTimeInOneBucket" time="0.628" classname="org.hawkular.metrics.core.impl.cassandra.DataAccessITest2"/>
  <testcase name="updateCounters" time="0.595" classname="org.hawkular.metrics.core.impl.cassandra.DataAccessITest2"/>
  <testcase name="doNotAllowDuplicateTenants" time="0.684" classname="org.hawkular.metrics.core.impl.cassandra.DataAccessITest2"/>
  <testcase name="findAllGaugeWithOneBucket" time="0.564" classname="org.hawkular.metrics.core.impl.cassandra.DataAccessITest2"/>
  <testcase name="insertAndFindGaugeRawDataByGaugeWithThreeBucketsOrderByASC" time="0.665" classname="org.hawkular.metrics.core.impl.cassandra.DataAccessITest2"/>
  <testcase name="insertAndFindAvailbilitiesWithWriteTimeInThreeBuckets" time="0.605" classname="org.hawkular.metrics.core.impl.cassandra.DataAccessITest2"/>
  <testcase name="insertAndFindAvailabilitiesInThreeBuckets" time="0.650" classname="org.hawkular.metrics.core.impl.cassandra.DataAccessITest2"/>
  <testcase name="insertAndFindGaugeRawDataByGaugeWithOneBucket" time="0.670" classname="org.hawkular.metrics.core.impl.cassandra.DataAccessITest2"/>
  <testcase name="insertAndFindGaugeRawDataWithTwoBuckets" time="0.547" classname="org.hawkular.metrics.core.impl.cassandra.DataAccessITest2"/>
  <testcase name="findAllGuageMeytricsWithTwoBuckets" time="0.631" classname="org.hawkular.metrics.core.impl.cassandra.DataAccessITest2"/>
  <testcase name="findCountersByGroupAndName" time="0.575" classname="org.hawkular.metrics.core.impl.cassandra.DataAccessITest2"/>
  <testcase name="insertAndFindAvailabilitiesWithoutWriteTimeInTwoBuckets" time="0.564" classname="org.hawkular.metrics.core.impl.cassandra.DataAccessITest2"/>
  <testcase name="insertAndFindAvailabilitiesInOneBucket" time="0.705" classname="org.hawkular.metrics.core.impl.cassandra.DataAccessITest2"/>
  <testcase name="insertAndFindAvailabilitiesWithoutWriteTimeInThreeBuckets" time="0.537" classname="org.hawkular.metrics.core.impl.cassandra.DataAccessITest2"/>
  <testcase name="insertAndFindAvailabilitiesWithoutWriteTimeInOneBucket" time="0.650" classname="org.hawkular.metrics.core.impl.cassandra.DataAccessITest2"/>
  <testcase name="updateCounterAndFindCounter" time="0.615" classname="org.hawkular.metrics.core.impl.cassandra.DataAccessITest2"/>
  <testcase name="insertAndFindGaugeRawDataByGaugeWithTwoBuckets" time="0.703" classname="org.hawkular.metrics.core.impl.cassandra.DataAccessITest2"/>
  <testcase name="insertAndFindGaugeRawDataByGaugeWithTwoBucketsOrderByASC" time="0.602" classname="org.hawkular.metrics.core.impl.cassandra.DataAccessITest2"/>
  <testcase name="findCountersByGroup" time="0.618" classname="org.hawkular.metrics.core.impl.cassandra.DataAccessITest2"/>
  <testcase name="deleteGuageMetrics" time="0.599" classname="org.hawkular.metrics.core.impl.cassandra.DataAccessITest2"/>
</testsuite> <!-- org.hawkular.metrics.core.impl.cassandra.DataAccessITest2 -->
