<?xml version="1.0" encoding="UTF-8"?>
<!-- Generated by org.testng.reporters.JUnitReportReporter -->
<testsuite hostname="localhost.localdomain" name="org.hawkular.metrics.core.impl.cassandra.MetricsServiceCassandraITest" tests="16" failures="0" timestamp="15 May 2015 14:22:49 GMT" time="24.054" errors="0">
  <testcase name="verifyTTLsSetOnAvailabilityData" time="1.514" classname="org.hawkular.metrics.core.impl.cassandra.MetricsServiceCassandraITest"/>
  <testcase name="updateMetricTags" time="1.366" classname="org.hawkular.metrics.core.impl.cassandra.MetricsServiceCassandraITest"/>
  <testcase name="addGaugeDataForMultipleMetrics" time="1.543" classname="org.hawkular.metrics.core.impl.cassandra.MetricsServiceCassandraITest"/>
  <testcase name="addAvailabilityForMultipleMetrics" time="1.571" classname="org.hawkular.metrics.core.impl.cassandra.MetricsServiceCassandraITest"/>
  <testcase name="createTenants" time="1.562" classname="org.hawkular.metrics.core.impl.cassandra.MetricsServiceCassandraITest"/>
  <testcase name="fetchGaugeDataThatHasTags" time="1.230" classname="org.hawkular.metrics.core.impl.cassandra.MetricsServiceCassandraITest"/>
  <testcase name="tagIndividualGaugeDataPoints" time="1.383" classname="org.hawkular.metrics.core.impl.cassandra.MetricsServiceCassandraITest"/>
  <testcase name="createAndFindMetrics" time="1.334" classname="org.hawkular.metrics.core.impl.cassandra.MetricsServiceCassandraITest"/>
  <testcase name="tagGaugeDataByDateRangeAndQueryByMultipleTags" time="1.473" classname="org.hawkular.metrics.core.impl.cassandra.MetricsServiceCassandraITest"/>
  <testcase name="addAndFetchGaugeData" time="1.724" classname="org.hawkular.metrics.core.impl.cassandra.MetricsServiceCassandraITest"/>
  <testcase name="findDistinctAvailabilities" time="1.484" classname="org.hawkular.metrics.core.impl.cassandra.MetricsServiceCassandraITest"/>
  <testcase name="verifyTTLsSetOnGaugeData" time="1.513" classname="org.hawkular.metrics.core.impl.cassandra.MetricsServiceCassandraITest"/>
  <testcase name="getPeriodsAboveThreshold" time="1.523" classname="org.hawkular.metrics.core.impl.cassandra.MetricsServiceCassandraITest"/>
  <testcase name="tagAvailabilityByDateRangeAndQueryByMultipleTags" time="1.434" classname="org.hawkular.metrics.core.impl.cassandra.MetricsServiceCassandraITest"/>
  <testcase name="fetchAvailabilityDataThatHasTags" time="1.898" classname="org.hawkular.metrics.core.impl.cassandra.MetricsServiceCassandraITest"/>
  <testcase name="tagIndividualAvailabilityDataPoints" time="1.502" classname="org.hawkular.metrics.core.impl.cassandra.MetricsServiceCassandraITest"/>
</testsuite> <!-- org.hawkular.metrics.core.impl.cassandra.MetricsServiceCassandraITest -->
