<?xml version="1.0" encoding="UTF-8"?>
<!-- Generated by org.testng.reporters.JUnitReportReporter -->
<testsuite hostname="localhost.localdomain" name="org.hawkular.metrics.core.impl.cassandra.DataAccessITest2" tests="29" failures="0" timestamp="18 May 2015 10:40:07 GMT" time="18.533" errors="0">
  <testcase name="insertAndFindGaugeRawDataWithThreeBuckets" time="0.618" classname="org.hawkular.metrics.core.impl.cassandra.DataAccessITest2"/>
  <testcase name="insertAndFindAvailbilitiesWithWriteTimeInTwoBuckets" time="0.729" classname="org.hawkular.metrics.core.impl.cassandra.DataAccessITest2"/>
  <testcase name="insertAndFindAvailabilitiesInThreeBuckets" time="0.573" classname="org.hawkular.metrics.core.impl.cassandra.DataAccessITest2"/>
  <testcase name="updateCounters" time="0.613" classname="org.hawkular.metrics.core.impl.cassandra.DataAccessITest2"/>
  <testcase name="insertAndFindGaugeRawDataByGaugeWithThreeBucketsOrderByASC" time="0.643" classname="org.hawkular.metrics.core.impl.cassandra.DataAccessITest2"/>
  <testcase name="insertAndFindGaugeRawDataByGaugeWithTwoBuckets" time="0.594" classname="org.hawkular.metrics.core.impl.cassandra.DataAccessITest2"/>
  <testcase name="findCountersByGroupAndName" time="0.699" classname="org.hawkular.metrics.core.impl.cassandra.DataAccessITest2"/>
  <testcase name="doNotAllowDuplicateTenants" time="0.604" classname="org.hawkular.metrics.core.impl.cassandra.DataAccessITest2"/>
  <testcase name="insertAndFindTenant" time="0.618" classname="org.hawkular.metrics.core.impl.cassandra.DataAccessITest2"/>
  <testcase name="insertAndFindGaugeRawDataWithTwoBuckets" time="0.641" classname="org.hawkular.metrics.core.impl.cassandra.DataAccessITest2"/>
  <testcase name="insertAndFindAvailabilitiesWithoutWriteTimeInOneBucket" time="0.595" classname="org.hawkular.metrics.core.impl.cassandra.DataAccessITest2"/>
  <testcase name="insertAndFindGaugeRawDataWithOneBucket" time="0.645" classname="org.hawkular.metrics.core.impl.cassandra.DataAccessITest2"/>
  <testcase name="insertAndFindSingleGaugeData" time="0.623" classname="org.hawkular.metrics.core.impl.cassandra.DataAccessITest2"/>
  <testcase name="insertAndFindAvailabilitiesWithoutWriteTimeInThreeBuckets" time="0.643" classname="org.hawkular.metrics.core.impl.cassandra.DataAccessITest2"/>
  <testcase name="insertAndFindGaugeRawDataByGaugeWithTwoBucketsOrderByASC" time="0.559" classname="org.hawkular.metrics.core.impl.cassandra.DataAccessITest2"/>
  <testcase name="updateCounterAndFindCounter" time="0.606" classname="org.hawkular.metrics.core.impl.cassandra.DataAccessITest2"/>
  <testcase name="insertAndFindAvailbilitiesWithWriteTimeInThreeBuckets" time="0.597" classname="org.hawkular.metrics.core.impl.cassandra.DataAccessITest2"/>
  <testcase name="insertAndFindAvailabilitiesInOneBucket" time="0.589" classname="org.hawkular.metrics.core.impl.cassandra.DataAccessITest2"/>
  <testcase name="deleteGuageMetrics" time="0.644" classname="org.hawkular.metrics.core.impl.cassandra.DataAccessITest2"/>
  <testcase name="insertAndFindGaugeRawDataByGaugeWithThreeBuckets" time="0.921" classname="org.hawkular.metrics.core.impl.cassandra.DataAccessITest2"/>
  <testcase name="insertAndFindAvailbilitiesWithWriteTimeInOneBucket" time="0.657" classname="org.hawkular.metrics.core.impl.cassandra.DataAccessITest2"/>
  <testcase name="insertAndFindGaugeRawDataByGaugeWitOneBucketOrderByASC" time="0.606" classname="org.hawkular.metrics.core.impl.cassandra.DataAccessITest2"/>
  <testcase name="insertAndFindGaugeRawDataByGaugeWithOneBucket" time="0.627" classname="org.hawkular.metrics.core.impl.cassandra.DataAccessITest2"/>
  <testcase name="findAllGaugeWithOneBucket" time="0.584" classname="org.hawkular.metrics.core.impl.cassandra.DataAccessITest2"/>
  <testcase name="insertAndFindAvailabilitiesWithoutWriteTimeInTwoBuckets" time="0.591" classname="org.hawkular.metrics.core.impl.cassandra.DataAccessITest2"/>
  <testcase name="insertAndFindAvailabilitiesInTwoBuckets" time="0.570" classname="org.hawkular.metrics.core.impl.cassandra.DataAccessITest2"/>
  <testcase name="addMetadataToGaugeRawData" time="0.857" classname="org.hawkular.metrics.core.impl.cassandra.DataAccessITest2"/>
  <testcase name="findCountersByGroup" time="0.620" classname="org.hawkular.metrics.core.impl.cassandra.DataAccessITest2"/>
  <testcase name="findAllGuageMeytricsWithTwoBuckets" time="0.667" classname="org.hawkular.metrics.core.impl.cassandra.DataAccessITest2"/>
</testsuite> <!-- org.hawkular.metrics.core.impl.cassandra.DataAccessITest2 -->
