<?xml version="1.0" encoding="UTF-8"?>
<!-- Generated by org.testng.reporters.JUnitReportReporter -->
<testsuite hostname="localhost.localdomain" name="org.hawkular.metrics.core.impl.cassandra.MetricsServiceCassandraITest" tests="16" failures="0" timestamp="13 May 2015 13:48:32 GMT" time="21.863" errors="0">
  <testcase name="findDistinctAvailabilities" time="1.416" classname="org.hawkular.metrics.core.impl.cassandra.MetricsServiceCassandraITest"/>
  <testcase name="tagNumericDataByDateRangeAndQueryByMultipleTags" time="1.376" classname="org.hawkular.metrics.core.impl.cassandra.MetricsServiceCassandraITest"/>
  <testcase name="fetchNumericDataThatHasTags" time="1.776" classname="org.hawkular.metrics.core.impl.cassandra.MetricsServiceCassandraITest"/>
  <testcase name="verifyTTLsSetOnNumericData" time="1.235" classname="org.hawkular.metrics.core.impl.cassandra.MetricsServiceCassandraITest"/>
  <testcase name="getPeriodsAboveThreshold" time="1.262" classname="org.hawkular.metrics.core.impl.cassandra.MetricsServiceCassandraITest"/>
  <testcase name="updateMetricTags" time="1.262" classname="org.hawkular.metrics.core.impl.cassandra.MetricsServiceCassandraITest"/>
  <testcase name="createAndFindMetrics" time="1.427" classname="org.hawkular.metrics.core.impl.cassandra.MetricsServiceCassandraITest"/>
  <testcase name="tagAvailabilityByDateRangeAndQueryByMultipleTags" time="1.161" classname="org.hawkular.metrics.core.impl.cassandra.MetricsServiceCassandraITest"/>
  <testcase name="verifyTTLsSetOnAvailabilityData" time="1.248" classname="org.hawkular.metrics.core.impl.cassandra.MetricsServiceCassandraITest"/>
  <testcase name="addAvailabilityForMultipleMetrics" time="1.335" classname="org.hawkular.metrics.core.impl.cassandra.MetricsServiceCassandraITest"/>
  <testcase name="tagIndividualNumericDataPoints" time="1.458" classname="org.hawkular.metrics.core.impl.cassandra.MetricsServiceCassandraITest"/>
  <testcase name="addAndFetchNumericData" time="1.015" classname="org.hawkular.metrics.core.impl.cassandra.MetricsServiceCassandraITest"/>
  <testcase name="addNumericDataForMultipleMetrics" time="1.391" classname="org.hawkular.metrics.core.impl.cassandra.MetricsServiceCassandraITest"/>
  <testcase name="tagIndividualAvailabilityDataPoints" time="1.427" classname="org.hawkular.metrics.core.impl.cassandra.MetricsServiceCassandraITest"/>
  <testcase name="createTenants" time="1.583" classname="org.hawkular.metrics.core.impl.cassandra.MetricsServiceCassandraITest"/>
  <testcase name="fetchAvailabilityDataThatHasTags" time="1.491" classname="org.hawkular.metrics.core.impl.cassandra.MetricsServiceCassandraITest"/>
</testsuite> <!-- org.hawkular.metrics.core.impl.cassandra.MetricsServiceCassandraITest -->
