<?xml version="1.0" encoding="UTF-8"?>
<!-- Generated by org.testng.reporters.JUnitReportReporter -->
<testsuite hostname="localhost.localdomain" name="org.hawkular.metrics.core.impl.cassandra.DataAccessITest" tests="30" failures="0" timestamp="17 May 2015 21:35:55 GMT" time="18.954" errors="0">
  <testcase name="insertAndFindTenant" time="0.590" classname="org.hawkular.metrics.core.impl.cassandra.DataAccessITest"/>
  <testcase name="addMetadataToGaugeRawData" time="0.731" classname="org.hawkular.metrics.core.impl.cassandra.DataAccessITest"/>
  <testcase name="insertAndFindAvailabilitiesInThreeBuckets" time="0.686" classname="org.hawkular.metrics.core.impl.cassandra.DataAccessITest"/>
  <testcase name="insertAndFindAvailbilitiesWithWriteTimeInOneBucket" time="0.578" classname="org.hawkular.metrics.core.impl.cassandra.DataAccessITest"/>
  <testcase name="insertAndFindGaugeRawDataByGaugeWitOneBucketOrderByASC" time="0.615" classname="org.hawkular.metrics.core.impl.cassandra.DataAccessITest"/>
  <testcase name="insertAndFindGaugeRawDataByGaugeWithThreeBuckets" time="0.628" classname="org.hawkular.metrics.core.impl.cassandra.DataAccessITest"/>
  <testcase name="findCountersByGroup" time="0.610" classname="org.hawkular.metrics.core.impl.cassandra.DataAccessITest"/>
  <testcase name="findCountersByGroupAndName" time="0.613" classname="org.hawkular.metrics.core.impl.cassandra.DataAccessITest"/>
  <testcase name="insertAndFindGaugeRawDataByGaugeWithThreeBucketsOrderByASC" time="0.571" classname="org.hawkular.metrics.core.impl.cassandra.DataAccessITest"/>
  <testcase name="updateCounterAndFindCounter" time="0.608" classname="org.hawkular.metrics.core.impl.cassandra.DataAccessITest"/>
  <testcase name="insertAndFindAvailabilitiesWithoutWriteTimeInThreeBuckets" time="0.652" classname="org.hawkular.metrics.core.impl.cassandra.DataAccessITest"/>
  <testcase name="getMetricTags" time="0.672" classname="org.hawkular.metrics.core.impl.cassandra.DataAccessITest"/>
  <testcase name="insertAndFindAvailabilitiesInOneBucket" time="0.621" classname="org.hawkular.metrics.core.impl.cassandra.DataAccessITest"/>
  <testcase name="insertAndFindAvailbilitiesWithWriteTimeInTwoBuckets" time="0.608" classname="org.hawkular.metrics.core.impl.cassandra.DataAccessITest"/>
  <testcase name="insertAndFindGaugeRawDataWithThreeBuckets" time="0.614" classname="org.hawkular.metrics.core.impl.cassandra.DataAccessITest"/>
  <testcase name="insertAndFindGaugeRawDataWithOneBucket" time="0.652" classname="org.hawkular.metrics.core.impl.cassandra.DataAccessITest"/>
  <testcase name="insertAndFindAvailabilitiesWithoutWriteTimeInTwoBuckets" time="0.602" classname="org.hawkular.metrics.core.impl.cassandra.DataAccessITest"/>
  <testcase name="insertAndFindAvailabilitiesInTwoBuckets" time="0.669" classname="org.hawkular.metrics.core.impl.cassandra.DataAccessITest"/>
  <testcase name="deleteGuageMetrics" time="0.584" classname="org.hawkular.metrics.core.impl.cassandra.DataAccessITest"/>
  <testcase name="insertAndFindSingleGaugeData" time="0.553" classname="org.hawkular.metrics.core.impl.cassandra.DataAccessITest"/>
  <testcase name="doNotAllowDuplicateTenants" time="0.667" classname="org.hawkular.metrics.core.impl.cassandra.DataAccessITest"/>
  <testcase name="insertAndFindAvailabilitiesWithoutWriteTimeInOneBucket" time="0.600" classname="org.hawkular.metrics.core.impl.cassandra.DataAccessITest"/>
  <testcase name="insertAndFindGaugeRawDataByGaugeWithTwoBuckets" time="0.607" classname="org.hawkular.metrics.core.impl.cassandra.DataAccessITest"/>
  <testcase name="insertAndFindAvailbilitiesWithWriteTimeInThreeBuckets" time="0.619" classname="org.hawkular.metrics.core.impl.cassandra.DataAccessITest"/>
  <testcase name="updateCounters" time="0.677" classname="org.hawkular.metrics.core.impl.cassandra.DataAccessITest"/>
  <testcase name="insertAndFindGaugeRawDataByGaugeWithOneBucket" time="0.620" classname="org.hawkular.metrics.core.impl.cassandra.DataAccessITest"/>
  <testcase name="insertAndFindGaugeRawDataByGaugeWithTwoBucketsOrderByASC" time="0.866" classname="org.hawkular.metrics.core.impl.cassandra.DataAccessITest"/>
  <testcase name="findAllGaugeWithOneBucket" time="0.599" classname="org.hawkular.metrics.core.impl.cassandra.DataAccessITest"/>
  <testcase name="insertAndFindGaugeRawDataWithTwoBuckets" time="0.575" classname="org.hawkular.metrics.core.impl.cassandra.DataAccessITest"/>
  <testcase name="findGuageMeytricsWithTwoBuckets" time="0.667" classname="org.hawkular.metrics.core.impl.cassandra.DataAccessITest"/>
</testsuite> <!-- org.hawkular.metrics.core.impl.cassandra.DataAccessITest -->
