<?xml version="1.0" encoding="UTF-8"?>
<!-- Generated by org.testng.reporters.JUnitReportReporter -->
<testsuite hostname="localhost.localdomain" name="org.hawkular.metrics.core.impl.DataAccessITest2" tests="25" failures="0" timestamp="23 Jul 2015 23:43:21 GMT" time="25.569" errors="0">
  <testcase name="insertAndFindSingleGaugeData" time="0.996" classname="org.hawkular.metrics.core.impl.DataAccessITest2"/>
  <testcase name="insertAndFindGaugeRawDataByGaugeWithThreeBucketsOrderByASC" time="0.966" classname="org.hawkular.metrics.core.impl.DataAccessITest2"/>
  <testcase name="insertAndFindGaugeRawDataByGaugeWithThreeBuckets" time="1.100" classname="org.hawkular.metrics.core.impl.DataAccessITest2"/>
  <testcase name="insertAndFindGaugeRawDataWithOneBucketWithWriteTime" time="0.933" classname="org.hawkular.metrics.core.impl.DataAccessITest2"/>
  <testcase name="insertAndFindAvailabilitiesInOneBucket" time="1.110" classname="org.hawkular.metrics.core.impl.DataAccessITest2"/>
  <testcase name="insertAndFindTenant" time="0.996" classname="org.hawkular.metrics.core.impl.DataAccessITest2"/>
  <testcase name="insertAndFindGaugeRawDataWithThreeBuckets" time="0.892" classname="org.hawkular.metrics.core.impl.DataAccessITest2"/>
  <testcase name="insertAndFindAvailbilitiesWithWriteTimeInOneBucket" time="0.975" classname="org.hawkular.metrics.core.impl.DataAccessITest2"/>
  <testcase name="insertAndFindGaugeRawDataByGaugeWithOneBucket" time="1.132" classname="org.hawkular.metrics.core.impl.DataAccessITest2"/>
  <testcase name="insertAndFindAvailbilitiesWithWriteTimeInThreeBuckets" time="1.190" classname="org.hawkular.metrics.core.impl.DataAccessITest2"/>
  <testcase name="insertAndFindGaugeRawDataWithThreeBucketsWithWriteTime" time="1.177" classname="org.hawkular.metrics.core.impl.DataAccessITest2"/>
  <testcase name="insertAndFindGaugeRawDataWithOneBucket" time="0.940" classname="org.hawkular.metrics.core.impl.DataAccessITest2"/>
  <testcase name="insertAndFindGaugeRawDataByGaugeWithTwoBucketsOrderByASC" time="0.802" classname="org.hawkular.metrics.core.impl.DataAccessITest2"/>
  <testcase name="insertAndFindGaugeRawDataWithTwoBuckets" time="1.124" classname="org.hawkular.metrics.core.impl.DataAccessITest2"/>
  <testcase name="insertAndFindGaugeRawDataWithTwoBucketsWithWriteTime" time="0.885" classname="org.hawkular.metrics.core.impl.DataAccessITest2"/>
  <testcase name="insertAndFindSingleGaugeDataWithWriteTime" time="0.973" classname="org.hawkular.metrics.core.impl.DataAccessITest2"/>
  <testcase name="insertAndFindAvailabilitiesInTwoBuckets" time="1.199" classname="org.hawkular.metrics.core.impl.DataAccessITest2"/>
  <testcase name="doNotAllowDuplicateTenants" time="1.000" classname="org.hawkular.metrics.core.impl.DataAccessITest2"/>
  <testcase name="insertAndFindGaugeRawDataByGaugeWitOneBucketOrderByASC" time="0.993" classname="org.hawkular.metrics.core.impl.DataAccessITest2"/>
  <testcase name="insertAndFindAvailabilitiesInThreeBuckets" time="1.060" classname="org.hawkular.metrics.core.impl.DataAccessITest2"/>
  <testcase name="insertAndFindAvailbilitiesWithWriteTimeInTwoBuckets" time="1.374" classname="org.hawkular.metrics.core.impl.DataAccessITest2"/>
  <testcase name="insertAndFindGaugeRawDataByGaugeWithTwoBuckets" time="1.023" classname="org.hawkular.metrics.core.impl.DataAccessITest2"/>
  <testcase name="insertAndFindAvailabilitiesWithoutWriteTimeInOneBucket" time="0.800" classname="org.hawkular.metrics.core.impl.DataAccessITest2"/>
  <testcase name="insertAndFindAvailabilitiesWithoutWriteTimeInThreeBuckets" time="0.865" classname="org.hawkular.metrics.core.impl.DataAccessITest2"/>
  <testcase name="insertAndFindAvailabilitiesWithoutWriteTimeInTwoBuckets" time="1.064" classname="org.hawkular.metrics.core.impl.DataAccessITest2"/>
</testsuite> <!-- org.hawkular.metrics.core.impl.DataAccessITest2 -->
