<?xml version="1.0" encoding="UTF-8"?>
<!-- Generated by org.testng.reporters.JUnitReportReporter -->
<testsuite hostname="localhost.localdomain" name="org.hawkular.metrics.core.impl.cassandra.DataAccessITest" tests="29" failures="0" timestamp="15 May 2015 11:26:05 GMT" time="20.496" errors="0">
  <testcase name="findCountersByGroupAndName" time="0.648" classname="org.hawkular.metrics.core.impl.cassandra.DataAccessITest"/>
  <testcase name="insertAndFindGaugeRawDataByGaugeWithThreeBucketsOrderByASC" time="0.605" classname="org.hawkular.metrics.core.impl.cassandra.DataAccessITest"/>
  <testcase name="insertAndFindGaugeRawDataByGaugeWithOneBucket" time="0.716" classname="org.hawkular.metrics.core.impl.cassandra.DataAccessITest"/>
  <testcase name="findCountersByGroup" time="0.637" classname="org.hawkular.metrics.core.impl.cassandra.DataAccessITest"/>
  <testcase name="insertAndFindAvailbilitiesWithWriteTimeInThreeBucket" time="0.585" classname="org.hawkular.metrics.core.impl.cassandra.DataAccessITest"/>
  <testcase name="insertAndFindAvailabilitiesInOneBucket" time="0.576" classname="org.hawkular.metrics.core.impl.cassandra.DataAccessITest"/>
  <testcase name="addMetadataToGaugeRawData" time="0.777" classname="org.hawkular.metrics.core.impl.cassandra.DataAccessITest"/>
  <testcase name="findNumericMeytricsWithTwoBuckets" time="0.665" classname="org.hawkular.metrics.core.impl.cassandra.DataAccessITest"/>
  <testcase name="insertAndFindTenant" time="0.700" classname="org.hawkular.metrics.core.impl.cassandra.DataAccessITest"/>
  <testcase name="insertAndFindAvailabilitiesInThreeBucket" time="0.612" classname="org.hawkular.metrics.core.impl.cassandra.DataAccessITest"/>
  <testcase name="doNotAllowDuplicateTenants" time="0.666" classname="org.hawkular.metrics.core.impl.cassandra.DataAccessITest"/>
  <testcase name="insertAndFindAvailabilitiesWithoutWriteTimeInTwoBuckets" time="0.634" classname="org.hawkular.metrics.core.impl.cassandra.DataAccessITest"/>
  <testcase name="deleteNumericMetrics" time="0.635" classname="org.hawkular.metrics.core.impl.cassandra.DataAccessITest"/>
  <testcase name="insertAndFindGaugeRawDataByGaugeWithThreeBucket" time="0.568" classname="org.hawkular.metrics.core.impl.cassandra.DataAccessITest"/>
  <testcase name="insertAndFindGaugeRawDataByGaugeWithTwoBucket" time="0.601" classname="org.hawkular.metrics.core.impl.cassandra.DataAccessITest"/>
  <testcase name="insertAndFindAvailabilitiesWithoutWriteTimeInOneBucket" time="0.604" classname="org.hawkular.metrics.core.impl.cassandra.DataAccessITest"/>
  <testcase name="insertAndFindGaugeRawDataByGaugeWithTwoBucketsOrderByASC" time="1.752" classname="org.hawkular.metrics.core.impl.cassandra.DataAccessITest"/>
  <testcase name="insertAndFindGaugeRawDataWithTwoBucket" time="0.524" classname="org.hawkular.metrics.core.impl.cassandra.DataAccessITest"/>
  <testcase name="insertAndFindAvailbilitiesWithWriteTimeInOneBucket" time="0.682" classname="org.hawkular.metrics.core.impl.cassandra.DataAccessITest"/>
  <testcase name="insertAndFindGaugeRawDataWithThreeBucket" time="0.979" classname="org.hawkular.metrics.core.impl.cassandra.DataAccessITest"/>
  <testcase name="insertAndFindSingleGaugeData" time="1.197" classname="org.hawkular.metrics.core.impl.cassandra.DataAccessITest"/>
  <testcase name="updateCounters" time="0.632" classname="org.hawkular.metrics.core.impl.cassandra.DataAccessITest"/>
  <testcase name="insertAndFindAvailabilitiesWithoutWriteTimeInThreeBuckets" time="0.694" classname="org.hawkular.metrics.core.impl.cassandra.DataAccessITest"/>
  <testcase name="findAllGaugeWithOneBucket" time="0.647" classname="org.hawkular.metrics.core.impl.cassandra.DataAccessITest"/>
  <testcase name="insertAndFindAvailbilitiesWithWriteTimeInTwoBucket" time="0.636" classname="org.hawkular.metrics.core.impl.cassandra.DataAccessITest"/>
  <testcase name="updateCounterAndFindCounter" time="0.637" classname="org.hawkular.metrics.core.impl.cassandra.DataAccessITest"/>
  <testcase name="insertAndFindAvailabilitiesInTwoBucket" time="0.644" classname="org.hawkular.metrics.core.impl.cassandra.DataAccessITest"/>
  <testcase name="insertAndFindGaugeRawDataWithOneBucket" time="0.673" classname="org.hawkular.metrics.core.impl.cassandra.DataAccessITest"/>
  <testcase name="insertAndFindGaugeRawDataByGaugeWitOneBucketOrderByASC" time="0.570" classname="org.hawkular.metrics.core.impl.cassandra.DataAccessITest"/>
</testsuite> <!-- org.hawkular.metrics.core.impl.cassandra.DataAccessITest -->
